<?xml version="1.0" encoding="UTF-8"?>
<!-- Generated by org.testng.reporters.JUnitReportReporter -->
<testsuite hostname="DESKTOP-HTIUVV4" failures="0" tests="1" name="testCases.Tcc_002LoginTest" time="2.864" errors="0" timestamp="2024-08-16T19:51:03 IST" skipped="0">
  <testcase classname="testCases.Tcc_002LoginTest" name="login_Test" time="2.864"/>
</testsuite> <!-- testCases.Tcc_002LoginTest -->
