<?xml version="1.0" encoding="UTF-8"?>
<!-- Generated by org.testng.reporters.JUnitReportReporter -->
<testsuite hostname="DESKTOP-HTIUVV4" failures="0" tests="1" name="testCases.Tcc_002LoginTest" time="3.807" errors="0" timestamp="2024-09-05T12:16:54 IST" skipped="0">
  <testcase classname="testCases.Tcc_002LoginTest" name="login_Test" time="3.807"/>
</testsuite> <!-- testCases.Tcc_002LoginTest -->
