<?xml version="1.0" encoding="UTF-8"?>
<!-- Generated by org.testng.reporters.JUnitReportReporter -->
<testsuite hostname="DESKTOP-HTIUVV4" failures="0" tests="1" name="testCases.Tcc_001AccountRegistration" time="11.582" errors="0" timestamp="2024-09-05T12:16:54 IST" skipped="0">
  <testcase classname="testCases.Tcc_001AccountRegistration" name="Account_registrationTest" time="11.582"/>
</testsuite> <!-- testCases.Tcc_001AccountRegistration -->
